<html>
<head>
<title>TestNG:  Test</title>
<link href="../testng.css" rel="stylesheet" type="text/css" />
<link href="../my-testng.css" rel="stylesheet" type="text/css" />

<style type="text/css">
.log { display: none;} 
.stack-trace { display: none;} 
</style>
<script type="text/javascript">
<!--
function flip(e) {
  current = e.style.display;
  if (current == 'block') {
    e.style.display = 'none';
    return 0;
  }
  else {
    e.style.display = 'block';
    return 1;
  }
}

function toggleBox(szDivId, elem, msg1, msg2)
{
  var res = -1;  if (document.getElementById) {
    res = flip(document.getElementById(szDivId));
  }
  else if (document.all) {
    // this is the way old msie versions work
    res = flip(document.all[szDivId]);
  }
  if(elem) {
    if(res == 0) elem.innerHTML = msg1; else elem.innerHTML = msg2;
  }

}

function toggleAllBoxes() {
  if (document.getElementsByTagName) {
    d = document.getElementsByTagName('div');
    for (i = 0; i < d.length; i++) {
      if (d[i].className == 'log') {
        flip(d[i]);
      }
    }
  }
}

// -->
</script>

</head>
<body>
<h2 align='center'>Test</h2><table border='1' align="center">
<tr>
<td>Tests passed/Failed/Skipped:</td><td>1/6/0</td>
</tr><tr>
<td>Started on:</td><td>Tue Jul 01 21:32:22 IST 2025</td>
</tr>
<tr><td>Total time:</td><td>11 seconds (11195 ms)</td>
</tr><tr>
<td>Included groups:</td><td></td>
</tr><tr>
<td>Excluded groups:</td><td></td>
</tr>
</table><p/>
<small><i>(Hover the method name to see the test class name)</i></small><p/>
<table width='100%' border='1' class='invocation-failed'>
<tr><td colspan='4' align='center'><b>FAILED TESTS</b></td></tr>
<tr><td><b>Test method</b></td>
<td><b>Attribute(s)</b></td>
<td width="30%"><b>Exception</b></td>
<td width="10%"><b>Time (seconds)</b></td>
<td><b>Instance</b></td>
</tr>
<tr>
<td title='com.orangehrm.crm.application.runner.ApplicationTestRunner.runScenario()'><b>runScenario</b><br>Test class: com.orangehrm.crm.application.runner.ApplicationTestRunner<br>Test method: Runs Cucumber Scenarios<br>Parameters: "Verify the presence of the user profile image on the home page", "User Authentication and Home Page Functionalities"</td>
<td><div><pre>java.lang.NullPointerException: Cannot invoke &quot;com.orangehrm.crm.application.steps.LoginPageSteps.launchApplication()&quot; because &quot;this.loginPage&quot; is null
	at com.orangehrm.crm.application.stepDefinitions.StepDefinitions.launch_the_application(StepDefinitions.java:36)
	at ✽.Launch the application(file:///C:/Training/Mar_2025_930PM/AutomationTraining/OrangeHRMCucumberFramework/Features/ApplicationTest.feature:41)
</pre></div><a href='#' onClick='toggleBox("stack-trace711483066", this, "Click to show all stack frames", "Click to hide stack frames")'>Click to show all stack frames</a>
<div class='stack-trace' id='stack-trace711483066'><pre>java.lang.NullPointerException: Cannot invoke &quot;com.orangehrm.crm.application.steps.LoginPageSteps.launchApplication()&quot; because &quot;this.loginPage&quot; is null
	at com.orangehrm.crm.application.stepDefinitions.StepDefinitions.launch_the_application(StepDefinitions.java:36)
	at ✽.Launch the application(file:///C:/Training/Mar_2025_930PM/AutomationTraining/OrangeHRMCucumberFramework/Features/ApplicationTest.feature:41)
</pre></div></td>
<td>1</td>
<td>com.orangehrm.crm.application.runner.ApplicationTestRunner@13b6aecc</td></tr>
<tr>
<td title='com.orangehrm.crm.application.runner.ApplicationTestRunner.runScenario()'><b>runScenario</b><br>Test class: com.orangehrm.crm.application.runner.ApplicationTestRunner<br>Test method: Runs Cucumber Scenarios<br>Parameters: "Verify Login Page Logo and Login Page Header", "User Authentication and Home Page Functionalities"</td>
<td><div><pre>io.cucumber.core.runner.DuplicateStepDefinitionException: Duplicate step definitions in com.orangehrm.crm.application.stepDefinitions.PageInitializer.initializePages() and com.orangehrm.crm.application.stepDefinitions.StepDefinitions.initializePages()
	at io.cucumber.core.runner.CachingGlue.lambda$prepareGlue$3(CachingGlue.java:313)
	at java.base/java.util.ArrayList.forEach(ArrayList.java:1596)
	at io.cucumber.core.runner.CachingGlue.prepareGlue(CachingGlue.java:307)
	at io.cucumber.core.runner.Runner.runPickle(Runner.java:73)
	at io.cucumber.testng.TestNGCucumberRunner.lambda$runScenario$1(TestNGCucumberRunner.java:135)
	at io.cucumber.core.runtime.CucumberExecutionContext.lambda$runTestCase$5(CucumberExecutionContext.java:136)
	at io.cucumber.core.runtime.RethrowingThrowableCollector.executeAndThrow(RethrowingThrowableCollector.java:23)
	at io.cucumber.core.runtime.CucumberExecutionContext.runTestCase(CucumberExecutionContext.java:136)
	at io.cucumber.testng.TestNGCucumberRunner.runScenario(TestNGCucumberRunner.java:132)
	at io.cucumber.testng.AbstractTestNGCucumberTests.runScenario(AbstractTestNGCucumberTests.java:35)
	at java.base/java.util.ArrayList.forEach(ArrayList.java:1596)
... Removed 25 stack frames</pre></div><a href='#' onClick='toggleBox("stack-trace813131188", this, "Click to show all stack frames", "Click to hide stack frames")'>Click to show all stack frames</a>
<div class='stack-trace' id='stack-trace813131188'><pre>io.cucumber.core.runner.DuplicateStepDefinitionException: Duplicate step definitions in com.orangehrm.crm.application.stepDefinitions.PageInitializer.initializePages() and com.orangehrm.crm.application.stepDefinitions.StepDefinitions.initializePages()
	at io.cucumber.core.runner.CachingGlue.lambda$prepareGlue$3(CachingGlue.java:313)
	at java.base/java.util.ArrayList.forEach(ArrayList.java:1596)
	at io.cucumber.core.runner.CachingGlue.prepareGlue(CachingGlue.java:307)
	at io.cucumber.core.runner.Runner.runPickle(Runner.java:73)
	at io.cucumber.testng.TestNGCucumberRunner.lambda$runScenario$1(TestNGCucumberRunner.java:135)
	at io.cucumber.core.runtime.CucumberExecutionContext.lambda$runTestCase$5(CucumberExecutionContext.java:136)
	at io.cucumber.core.runtime.RethrowingThrowableCollector.executeAndThrow(RethrowingThrowableCollector.java:23)
	at io.cucumber.core.runtime.CucumberExecutionContext.runTestCase(CucumberExecutionContext.java:136)
	at io.cucumber.testng.TestNGCucumberRunner.runScenario(TestNGCucumberRunner.java:132)
	at io.cucumber.testng.AbstractTestNGCucumberTests.runScenario(AbstractTestNGCucumberTests.java:35)
	at java.base/jdk.internal.reflect.DirectMethodHandleAccessor.invoke(DirectMethodHandleAccessor.java:103)
	at java.base/java.lang.reflect.Method.invoke(Method.java:580)
	at org.testng.internal.invokers.MethodInvocationHelper.invokeMethod(MethodInvocationHelper.java:141)
	at org.testng.internal.invokers.TestInvoker.invokeMethod(TestInvoker.java:687)
	at org.testng.internal.invokers.TestInvoker.invokeTestMethod(TestInvoker.java:230)
	at org.testng.internal.invokers.MethodRunner.runInSequence(MethodRunner.java:63)
	at org.testng.internal.invokers.TestInvoker$MethodInvocationAgent.invoke(TestInvoker.java:995)
	at org.testng.internal.invokers.TestInvoker.invokeTestMethods(TestInvoker.java:203)
	at org.testng.internal.invokers.TestMethodWorker.invokeTestMethods(TestMethodWorker.java:154)
	at org.testng.internal.invokers.TestMethodWorker.run(TestMethodWorker.java:134)
	at java.base/java.util.ArrayList.forEach(ArrayList.java:1596)
	at org.testng.TestRunner.privateRun(TestRunner.java:741)
	at org.testng.TestRunner.run(TestRunner.java:616)
	at org.testng.SuiteRunner.runTest(SuiteRunner.java:421)
	at org.testng.SuiteRunner.runSequentially(SuiteRunner.java:413)
	at org.testng.SuiteRunner.privateRun(SuiteRunner.java:373)
	at org.testng.SuiteRunner.run(SuiteRunner.java:312)
	at org.testng.SuiteRunnerWorker.runSuite(SuiteRunnerWorker.java:52)
	at org.testng.SuiteRunnerWorker.run(SuiteRunnerWorker.java:95)
	at org.testng.TestNG.runSuitesSequentially(TestNG.java:1274)
	at org.testng.TestNG.runSuitesLocally(TestNG.java:1208)
	at org.testng.TestNG.runSuites(TestNG.java:1112)
	at org.testng.TestNG.run(TestNG.java:1079)
	at org.testng.remote.AbstractRemoteTestNG.run(AbstractRemoteTestNG.java:115)
	at org.testng.remote.RemoteTestNG.initAndRun(RemoteTestNG.java:293)
	at org.testng.remote.RemoteTestNG.main(RemoteTestNG.java:91)
</pre></div></td>
<td>0</td>
<td>com.orangehrm.crm.application.runner.ApplicationTestRunner@13b6aecc</td></tr>
<tr>
<td title='com.orangehrm.crm.application.runner.ApplicationTestRunner.runScenario()'><b>runScenario</b><br>Test class: com.orangehrm.crm.application.runner.ApplicationTestRunner<br>Test method: Runs Cucumber Scenarios<br>Parameters: "Verify Application Login With Valid Credentials", "User Authentication and Home Page Functionalities"</td>
<td><div><pre>java.lang.NullPointerException: Cannot invoke &quot;com.orangehrm.crm.application.steps.LoginPageSteps.launchApplication()&quot; because &quot;this.loginPage&quot; is null
	at com.orangehrm.crm.application.stepDefinitions.StepDefinitions.launch_the_application(StepDefinitions.java:36)
	at ✽.Launch the application(file:///C:/Training/Mar_2025_930PM/AutomationTraining/OrangeHRMCucumberFramework/Features/ApplicationTest.feature:20)
</pre></div><a href='#' onClick='toggleBox("stack-trace1553646796", this, "Click to show all stack frames", "Click to hide stack frames")'>Click to show all stack frames</a>
<div class='stack-trace' id='stack-trace1553646796'><pre>java.lang.NullPointerException: Cannot invoke &quot;com.orangehrm.crm.application.steps.LoginPageSteps.launchApplication()&quot; because &quot;this.loginPage&quot; is null
	at com.orangehrm.crm.application.stepDefinitions.StepDefinitions.launch_the_application(StepDefinitions.java:36)
	at ✽.Launch the application(file:///C:/Training/Mar_2025_930PM/AutomationTraining/OrangeHRMCucumberFramework/Features/ApplicationTest.feature:20)
</pre></div></td>
<td>2</td>
<td>com.orangehrm.crm.application.runner.ApplicationTestRunner@13b6aecc</td></tr>
<tr>
<td title='com.orangehrm.crm.application.runner.ApplicationTestRunner.runScenario()'><b>runScenario</b><br>Test class: com.orangehrm.crm.application.runner.ApplicationTestRunner<br>Test method: Runs Cucumber Scenarios<br>Parameters: "Verify Application Login With Invalid Credentials", "User Authentication and Home Page Functionalities"</td>
<td><div><pre>java.lang.NullPointerException: Cannot invoke &quot;com.orangehrm.crm.application.steps.LoginPageSteps.launchApplication()&quot; because &quot;this.loginPage&quot; is null
	at com.orangehrm.crm.application.stepDefinitions.StepDefinitions.launch_the_application(StepDefinitions.java:36)
	at ✽.Launch the application(file:///C:/Training/Mar_2025_930PM/AutomationTraining/OrangeHRMCucumberFramework/Features/ApplicationTest.feature:20)
</pre></div><a href='#' onClick='toggleBox("stack-trace1935689965", this, "Click to show all stack frames", "Click to hide stack frames")'>Click to show all stack frames</a>
<div class='stack-trace' id='stack-trace1935689965'><pre>java.lang.NullPointerException: Cannot invoke &quot;com.orangehrm.crm.application.steps.LoginPageSteps.launchApplication()&quot; because &quot;this.loginPage&quot; is null
	at com.orangehrm.crm.application.stepDefinitions.StepDefinitions.launch_the_application(StepDefinitions.java:36)
	at ✽.Launch the application(file:///C:/Training/Mar_2025_930PM/AutomationTraining/OrangeHRMCucumberFramework/Features/ApplicationTest.feature:20)
</pre></div></td>
<td>1</td>
<td>com.orangehrm.crm.application.runner.ApplicationTestRunner@13b6aecc</td></tr>
<tr>
<td title='com.orangehrm.crm.application.runner.ApplicationTestRunner.runScenario()'><b>runScenario</b><br>Test class: com.orangehrm.crm.application.runner.ApplicationTestRunner<br>Test method: Runs Cucumber Scenarios<br>Parameters: "Verify Forgot Login Feature", "User Authentication and Home Page Functionalities"</td>
<td><div><pre>java.lang.NullPointerException: Cannot invoke &quot;com.orangehrm.crm.application.steps.LoginPageSteps.launchApplication()&quot; because &quot;this.loginPage&quot; is null
	at com.orangehrm.crm.application.stepDefinitions.StepDefinitions.launch_the_application(StepDefinitions.java:36)
	at ✽.Launch the application(file:///C:/Training/Mar_2025_930PM/AutomationTraining/OrangeHRMCucumberFramework/Features/ApplicationTest.feature:32)
</pre></div><a href='#' onClick='toggleBox("stack-trace284123040", this, "Click to show all stack frames", "Click to hide stack frames")'>Click to show all stack frames</a>
<div class='stack-trace' id='stack-trace284123040'><pre>java.lang.NullPointerException: Cannot invoke &quot;com.orangehrm.crm.application.steps.LoginPageSteps.launchApplication()&quot; because &quot;this.loginPage&quot; is null
	at com.orangehrm.crm.application.stepDefinitions.StepDefinitions.launch_the_application(StepDefinitions.java:36)
	at ✽.Launch the application(file:///C:/Training/Mar_2025_930PM/AutomationTraining/OrangeHRMCucumberFramework/Features/ApplicationTest.feature:32)
</pre></div></td>
<td>1</td>
<td>com.orangehrm.crm.application.runner.ApplicationTestRunner@13b6aecc</td></tr>
<tr>
<td title='com.orangehrm.crm.application.runner.ApplicationTestRunner.runScenario()'><b>runScenario</b><br>Test class: com.orangehrm.crm.application.runner.ApplicationTestRunner<br>Test method: Runs Cucumber Scenarios<br>Parameters: "Verify Home Page Menus", "User Authentication and Home Page Functionalities"</td>
<td><div><pre>java.lang.NullPointerException: Cannot invoke &quot;com.orangehrm.crm.application.steps.LoginPageSteps.launchApplication()&quot; because &quot;this.loginPage&quot; is null
	at com.orangehrm.crm.application.stepDefinitions.StepDefinitions.launch_the_application(StepDefinitions.java:36)
	at ✽.Launch the application(file:///C:/Training/Mar_2025_930PM/AutomationTraining/OrangeHRMCucumberFramework/Features/ApplicationTest.feature:53)
</pre></div><a href='#' onClick='toggleBox("stack-trace1619369818", this, "Click to show all stack frames", "Click to hide stack frames")'>Click to show all stack frames</a>
<div class='stack-trace' id='stack-trace1619369818'><pre>java.lang.NullPointerException: Cannot invoke &quot;com.orangehrm.crm.application.steps.LoginPageSteps.launchApplication()&quot; because &quot;this.loginPage&quot; is null
	at com.orangehrm.crm.application.stepDefinitions.StepDefinitions.launch_the_application(StepDefinitions.java:36)
	at ✽.Launch the application(file:///C:/Training/Mar_2025_930PM/AutomationTraining/OrangeHRMCucumberFramework/Features/ApplicationTest.feature:53)
</pre></div></td>
<td>1</td>
<td>com.orangehrm.crm.application.runner.ApplicationTestRunner@13b6aecc</td></tr>
</table><p>
<table width='100%' border='1' class='invocation-passed'>
<tr><td colspan='4' align='center'><b>PASSED TESTS</b></td></tr>
<tr><td><b>Test method</b></td>
<td><b>Attribute(s)</b></td>
<td width="30%"><b>Exception</b></td>
<td width="10%"><b>Time (seconds)</b></td>
<td><b>Instance</b></td>
</tr>
<tr>
<td title='com.orangehrm.crm.application.runner.ApplicationTestRunner.runApplicationTests()'><b>runApplicationTests</b><br>Test class: com.orangehrm.crm.application.runner.ApplicationTestRunner</td>
<td></td>
<td>0</td>
<td>com.orangehrm.crm.application.runner.ApplicationTestRunner@13b6aecc</td></tr>
</table><p>
</body>
</html>